---Program	./monitor.pl	starts --> Mon Jan 19 19:06:47 2015
#calling </cbrc/software/anaconda/v2.1.0.app/bin/python ./Ecoli_FVA.py AMPICILLIN-4.0
> ...
#calling </cbrc/software/anaconda/v2.1.0.app/bin/python ./Ecoli_FVA.py AMPICILLIN-8.0
> ...
#calling </cbrc/software/anaconda/v2.1.0.app/bin/python ./Ecoli_FVA.py ANAEROBIC
> ...
#calling </cbrc/software/anaconda/v2.1.0.app/bin/python ./Ecoli_FVA.py AZIDOTHYMIDINE-0.5
> ...
#calling </cbrc/software/anaconda/v2.1.0.app/bin/python ./Ecoli_FVA.py AZIDOTHYMIDINE-1.0
> ...
#calling </cbrc/software/anaconda/v2.1.0.app/bin/python ./Ecoli_FVA.py AZIDOTHYMIDINE-2.5
> ...
#calling </cbrc/software/anaconda/v2.1.0.app/bin/python ./Ecoli_FVA.py AZITHROMYCIN-0.02
> ...
#calling </cbrc/software/anaconda/v2.1.0.app/bin/python ./Ecoli_FVA.py AZITHROMYCIN-0.1
> ...
#calling </cbrc/software/anaconda/v2.1.0.app/bin/python ./Ecoli_FVA.py AZITHROMYCIN-1.0
> ...
#calling </cbrc/software/anaconda/v2.1.0.app/bin/python ./Ecoli_FVA.py BENZALKONIUM-1
> ...
#calling </cbrc/software/anaconda/v2.1.0.app/bin/python ./Ecoli_FVA.py BENZALKONIUM-10
> ...
#calling </cbrc/software/anaconda/v2.1.0.app/bin/python ./Ecoli_FVA.py BENZALKONIUM-25
> ...
#calling </cbrc/software/anaconda/v2.1.0.app/bin/python ./Ecoli_FVA.py BICYCLOMYCIN-10
> ...
#calling </cbrc/software/anaconda/v2.1.0.app/bin/python ./Ecoli_FVA.py BILE-0.5%
> ...
#calling </cbrc/software/anaconda/v2.1.0.app/bin/python ./Ecoli_FVA.py BICYCLOMYCIN-1
> ...
#calling </cbrc/software/anaconda/v2.1.0.app/bin/python ./Ecoli_FVA.py BILE-0.1%
> ...
#calling </cbrc/software/anaconda/v2.1.0.app/bin/python ./Ecoli_FVA.py BILE-1.0%
> ...
#calling </cbrc/software/anaconda/v2.1.0.app/bin/python ./Ecoli_FVA.py BILE-2.0%
> ...
#calling </cbrc/software/anaconda/v2.1.0.app/bin/python ./Ecoli_FVA.py BLEOMYCIN-0.1
> ...
#calling </cbrc/software/anaconda/v2.1.0.app/bin/python ./Ecoli_FVA.py BLEOMYCIN-1.0
> ...
#calling </cbrc/software/anaconda/v2.1.0.app/bin/python ./Ecoli_FVA.py CCCP-0.1
> ...
#calling </cbrc/software/anaconda/v2.1.0.app/bin/python ./Ecoli_FVA.py CCCP-0.5
> ...
#calling </cbrc/software/anaconda/v2.1.0.app/bin/python ./Ecoli_FVA.py BLEOMYCIN-0.5
> ...
#calling </cbrc/software/anaconda/v2.1.0.app/bin/python ./Ecoli_FVA.py CCCP-2.0
> ...
#calling </cbrc/software/anaconda/v2.1.0.app/bin/python ./Ecoli_FVA.py BLEOMYCIN-2.0
> ...
#calling </cbrc/software/anaconda/v2.1.0.app/bin/python ./Ecoli_FVA.py CHIR090-0.02
> ...
#calling </cbrc/software/anaconda/v2.1.0.app/bin/python ./Ecoli_FVA.py CHIR090-0.025
> ...
#calling </cbrc/software/anaconda/v2.1.0.app/bin/python ./Ecoli_FVA.py CHIR090-0.04
> ...
#calling </cbrc/software/anaconda/v2.1.0.app/bin/python ./Ecoli_FVA.py CHIR090-0.05
> ...
#calling </cbrc/software/anaconda/v2.1.0.app/bin/python ./Ecoli_FVA.py CHIR090-0.075
> ...
1. read sbml model ...

2. Modify module to suit BW25113 and culture ...

3. Knockout gene to reactions ...

4. read growth rate file ...
1. read sbml model ...

1. read sbml model ...

1. read sbml model ...

1. read sbml model ...

1. read sbml model ...

1. read sbml model ...

1. read sbml model ...

1. read sbml model ...

1. read sbml model ...

1. read sbml model ...

1. read sbml model ...

1. read sbml model ...

1. read sbml model ...

1. read sbml model ...

1. read sbml model ...

1. read sbml model ...

1. read sbml model ...

1. read sbml model ...

1. read sbml model ...

1. read sbml model ...

1. read sbml model ...

1. read sbml model ...

1. read sbml model ...

1. read sbml model ...

1. read sbml model ...

1. read sbml model ...

1. read sbml model ...

1. read sbml model ...

1. read sbml model ...

5. fba and fva analysis ...
2. Modify module to suit BW25113 and culture ...

3. Knockout gene to reactions ...

2. Modify module to suit BW25113 and culture ...

3. Knockout gene to reactions ...

2. Modify module to suit BW25113 and culture ...

3. Knockout gene to reactions ...

2. Modify module to suit BW25113 and culture ...

3. Knockout gene to reactions ...

2. Modify module to suit BW25113 and culture ...

3. Knockout gene to reactions ...

2. Modify module to suit BW25113 and culture ...

3. Knockout gene to reactions ...

2. Modify module to suit BW25113 and culture ...

3. Knockout gene to reactions ...

2. Modify module to suit BW25113 and culture ...

3. Knockout gene to reactions ...

2. Modify module to suit BW25113 and culture ...

3. Knockout gene to reactions ...

2. Modify module to suit BW25113 and culture ...

3. Knockout gene to reactions ...

4. read growth rate file ...
2. Modify module to suit BW25113 and culture ...

3. Knockout gene to reactions ...

2. Modify module to suit BW25113 and culture ...

3. Knockout gene to reactions ...

2. Modify module to suit BW25113 and culture ...

3. Knockout gene to reactions ...

2. Modify module to suit BW25113 and culture ...

3. Knockout gene to reactions ...

2. Modify module to suit BW25113 and culture ...

3. Knockout gene to reactions ...

2. Modify module to suit BW25113 and culture ...

3. Knockout gene to reactions ...

2. Modify module to suit BW25113 and culture ...

3. Knockout gene to reactions ...

2. Modify module to suit BW25113 and culture ...

3. Knockout gene to reactions ...

2. Modify module to suit BW25113 and culture ...

3. Knockout gene to reactions ...

2. Modify module to suit BW25113 and culture ...

3. Knockout gene to reactions ...

2. Modify module to suit BW25113 and culture ...

3. Knockout gene to reactions ...

2. Modify module to suit BW25113 and culture ...

3. Knockout gene to reactions ...

2. Modify module to suit BW25113 and culture ...

3. Knockout gene to reactions ...

2. Modify module to suit BW25113 and culture ...

3. Knockout gene to reactions ...

4. read growth rate file ...
2. Modify module to suit BW25113 and culture ...

3. Knockout gene to reactions ...

2. Modify module to suit BW25113 and culture ...

3. Knockout gene to reactions ...

2. Modify module to suit BW25113 and culture ...

3. Knockout gene to reactions ...

4. read growth rate file ...
4. read growth rate file ...
4. read growth rate file ...
4. read growth rate file ...
4. read growth rate file ...
4. read growth rate file ...
5. fba and fva analysis ...
4. read growth rate file ...
4. read growth rate file ...
4. read growth rate file ...
2. Modify module to suit BW25113 and culture ...

3. Knockout gene to reactions ...

4. read growth rate file ...
4. read growth rate file ...
4. read growth rate file ...
4. read growth rate file ...
5. fba and fva analysis ...
4. read growth rate file ...
5. fba and fva analysis ...
4. read growth rate file ...
5. fba and fva analysis ...
4. read growth rate file ...
4. read growth rate file ...
4. read growth rate file ...
4. read growth rate file ...
4. read growth rate file ...
4. read growth rate file ...
4. read growth rate file ...
4. read growth rate file ...
4. read growth rate file ...
5. fba and fva analysis ...
5. fba and fva analysis ...
5. fba and fva analysis ...
2. Modify module to suit BW25113 and culture ...

3. Knockout gene to reactions ...

5. fba and fva analysis ...
4. read growth rate file ...
5. fba and fva analysis ...
5. fba and fva analysis ...
5. fba and fva analysis ...
5. fba and fva analysis ...
5. fba and fva analysis ...
5. fba and fva analysis ...
5. fba and fva analysis ...
5. fba and fva analysis ...
4. read growth rate file ...
5. fba and fva analysis ...
5. fba and fva analysis ...
5. fba and fva analysis ...
5. fba and fva analysis ...
5. fba and fva analysis ...
5. fba and fva analysis ...
5. fba and fva analysis ...
5. fba and fva analysis ...
5. fba and fva analysis ...
5. fba and fva analysis ...
4. read growth rate file ...
5. fba and fva analysis ...
5. fba and fva analysis ...
5. fba and fva analysis ...
Traceback (most recent call last):
  File "./Ecoli_FVA.py", line 57, in <module>
    print(Condition + "\t" + geneId + "\t" + str(gr))
IOError: [Errno 2] No such file or directory
#process 6625 finished!
#process 6607 finished!
Traceback (most recent call last):
  File "./Ecoli_FVA.py", line 57, in <module>
    print(Condition + "\t" + geneId + "\t" + str(gr))
IOError: [Errno 2] No such file or directory
#process 6601 finished!
Traceback (most recent call last):
  File "./Ecoli_FVA.py", line 57, in <module>
    print(Condition + "\t" + geneId + "\t" + str(gr))
IOError: [Errno 2] No such file or directory
#process 6656 finished!
Traceback (most recent call last):
  File "./Ecoli_FVA.py", line 57, in <module>
    print(Condition + "\t" + geneId + "\t" + str(gr))
IOError: [Errno 2] No such file or directory
#process 6591 finished!
Traceback (most recent call last):
  File "./Ecoli_FVA.py", line 57, in <module>
    print(Condition + "\t" + geneId + "\t" + str(gr))
IOError: [Errno 2] No such file or directory
#process 6593 finished!
Traceback (most recent call last):
  File "./Ecoli_FVA.py", line 57, in <module>
    print(Condition + "\t" + geneId + "\t" + str(gr))
IOError: [Errno 2] No such file or directory
#process 6599 finished!
Traceback (most recent call last):
  File "./Ecoli_FVA.py", line 57, in <module>
    print(Condition + "\t" + geneId + "\t" + str(gr))
IOError: [Errno 2] No such file or directory
#process 6630 finished!
#process 6642 finished!
Traceback (most recent call last):
  File "./Ecoli_FVA.py", line 57, in <module>
    print(Condition + "\t" + geneId + "\t" + str(gr))
IOError: [Errno 2] No such file or directory
#process 6613 finished!
Traceback (most recent call last):
  File "./Ecoli_FVA.py", line 57, in <module>
    print(Condition + "\t" + geneId + "\t" + str(gr))
IOError: [Errno 2] No such file or directory
#process 6597 finished!
Traceback (most recent call last):
  File "./Ecoli_FVA.py", line 57, in <module>
    print(Condition + "\t" + geneId + "\t" + str(gr))
IOError: [Errno 2] No such file or directory
#process 6639 finished!
Traceback (most recent call last):
  File "./Ecoli_FVA.py", line 57, in <module>
    print(Condition + "\t" + geneId + "\t" + str(gr))
IOError: [Errno 2] No such file or directory
#process 6638 finished!
#process 6652 finished!
Traceback (most recent call last):
  File "./Ecoli_FVA.py", line 57, in <module>
    print(Condition + "\t" + geneId + "\t" + str(gr))
IOError: [Errno 2] No such file or directory
#process 6627 finished!
Traceback (most recent call last):
  File "./Ecoli_FVA.py", line 57, in <module>
    print(Condition + "\t" + geneId + "\t" + str(gr))
IOError: [Errno 2] No such file or directory
#process 6619 finished!
#process 6633 finished!
#process 6634 finished!
Traceback (most recent call last):
  File "./Ecoli_FVA.py", line 57, in <module>
    print(Condition + "\t" + geneId + "\t" + str(gr))
IOError: [Errno 2] No such file or directory
#process 6646 finished!
#process 6615 finished!
#process 6584 finished!
#process 6585 finished!
#process 6604 finished!
#process 6654 finished!
#process 6587 finished!
#process 6659 finished!
#process 6589 finished!
#process 6595 finished!
#process 6609 finished!
#process 6620 finished!
#done!!!
---Program	./monitor.pl	ends  --> Tue Jan 20 20:22:02 2015
