---Program	./monitor.pl	starts --> Mon Jan 19 19:08:49 2015
#calling </cbrc/software/anaconda/v2.1.0.app/bin/python ./Ecoli_FVA.py CEFOXITIN-0.25
> ...
#calling </cbrc/software/anaconda/v2.1.0.app/bin/python ./Ecoli_FVA.py CEFOXITIN-0.5
> ...
#calling </cbrc/software/anaconda/v2.1.0.app/bin/python ./Ecoli_FVA.py CEFOXITIN-0.75
> ...
#calling </cbrc/software/anaconda/v2.1.0.app/bin/python ./Ecoli_FVA.py CEFOXITIN-1.0
> ...
#calling </cbrc/software/anaconda/v2.1.0.app/bin/python ./Ecoli_FVA.py CALCOFLUOR
> ...
#calling </cbrc/software/anaconda/v2.1.0.app/bin/python ./Ecoli_FVA.py CECROPINB-0.1
> ...
#calling </cbrc/software/anaconda/v2.1.0.app/bin/python ./Ecoli_FVA.py CECROPINB-0.3
> ...
#calling </cbrc/software/anaconda/v2.1.0.app/bin/python ./Ecoli_FVA.py CEFSULODIN-12.0
> ...
#calling </cbrc/software/anaconda/v2.1.0.app/bin/python ./Ecoli_FVA.py CEFSULODIN-18.0
> ...
#calling </cbrc/software/anaconda/v2.1.0.app/bin/python ./Ecoli_FVA.py CEFSULODIN-24.0
> ...
#calling </cbrc/software/anaconda/v2.1.0.app/bin/python ./Ecoli_FVA.py CEFSULODIN-6.0
> ...
#calling </cbrc/software/anaconda/v2.1.0.app/bin/python ./Ecoli_FVA.py CERULENIN-1.0
> ...
#calling </cbrc/software/anaconda/v2.1.0.app/bin/python ./Ecoli_FVA.py CERULENIN-2.0
> ...
#calling </cbrc/software/anaconda/v2.1.0.app/bin/python ./Ecoli_FVA.py CERULENIN-4.0
> ...
#calling </cbrc/software/anaconda/v2.1.0.app/bin/python ./Ecoli_FVA.py CERULENIN-6.0
> ...
#calling </cbrc/software/anaconda/v2.1.0.app/bin/python ./Ecoli_FVA.py CHLOROPROMAZINE-12
> ...
#calling </cbrc/software/anaconda/v2.1.0.app/bin/python ./Ecoli_FVA.py CHLOROPROMAZINE-24
> ...
#calling </cbrc/software/anaconda/v2.1.0.app/bin/python ./Ecoli_FVA.py CHLOROPROMAZINE-3
> ...
#calling </cbrc/software/anaconda/v2.1.0.app/bin/python ./Ecoli_FVA.py CHLOROPROMAZINE-6
> ...
#calling </cbrc/software/anaconda/v2.1.0.app/bin/python ./Ecoli_FVA.py CHOLATE-0.1%
> ...
#calling </cbrc/software/anaconda/v2.1.0.app/bin/python ./Ecoli_FVA.py CHOLATE-0.5%
> ...
#calling </cbrc/software/anaconda/v2.1.0.app/bin/python ./Ecoli_FVA.py CHOLATE-1.0%
> ...
#calling </cbrc/software/anaconda/v2.1.0.app/bin/python ./Ecoli_FVA.py CHOLATE-2.0%
> ...
#calling </cbrc/software/anaconda/v2.1.0.app/bin/python ./Ecoli_FVA.py CISPLATIN-100
> ...
#calling </cbrc/software/anaconda/v2.1.0.app/bin/python ./Ecoli_FVA.py CISPLATIN-20
> ...
#calling </cbrc/software/anaconda/v2.1.0.app/bin/python ./Ecoli_FVA.py CISPLATIN-50
> ...
#calling </cbrc/software/anaconda/v2.1.0.app/bin/python ./Ecoli_FVA.py CLARYTHROMYCIN-0.1
> ...
#calling </cbrc/software/anaconda/v2.1.0.app/bin/python ./Ecoli_FVA.py CLARYTHROMYCIN-1.0
> ...
#calling </cbrc/software/anaconda/v2.1.0.app/bin/python ./Ecoli_FVA.py CLARYTHROMYCIN-10.0
> ...
#calling </cbrc/software/anaconda/v2.1.0.app/bin/python ./Ecoli_FVA.py CLARYTHROMYCIN-5.0
> ...
1. read sbml model ...

1. read sbml model ...

2. Modify module to suit BW25113 and culture ...

3. Knockout gene to reactions ...

1. read sbml model ...

4. read growth rate file ...
1. read sbml model ...

2. Modify module to suit BW25113 and culture ...

3. Knockout gene to reactions ...

1. read sbml model ...

2. Modify module to suit BW25113 and culture ...

3. Knockout gene to reactions ...

4. read growth rate file ...
1. read sbml model ...

1. read sbml model ...

1. read sbml model ...

1. read sbml model ...

1. read sbml model ...

1. read sbml model ...

1. read sbml model ...

1. read sbml model ...

1. read sbml model ...

1. read sbml model ...

1. read sbml model ...

1. read sbml model ...

1. read sbml model ...

1. read sbml model ...

1. read sbml model ...

1. read sbml model ...

1. read sbml model ...

1. read sbml model ...

1. read sbml model ...

1. read sbml model ...

1. read sbml model ...

1. read sbml model ...

1. read sbml model ...

1. read sbml model ...

1. read sbml model ...

4. read growth rate file ...
2. Modify module to suit BW25113 and culture ...

3. Knockout gene to reactions ...

5. fba and fva analysis ...
5. fba and fva analysis ...
5. fba and fva analysis ...
2. Modify module to suit BW25113 and culture ...

3. Knockout gene to reactions ...

2. Modify module to suit BW25113 and culture ...

3. Knockout gene to reactions ...

2. Modify module to suit BW25113 and culture ...

3. Knockout gene to reactions ...

2. Modify module to suit BW25113 and culture ...

3. Knockout gene to reactions ...

2. Modify module to suit BW25113 and culture ...

3. Knockout gene to reactions ...

2. Modify module to suit BW25113 and culture ...

3. Knockout gene to reactions ...

2. Modify module to suit BW25113 and culture ...

3. Knockout gene to reactions ...

2. Modify module to suit BW25113 and culture ...

3. Knockout gene to reactions ...

2. Modify module to suit BW25113 and culture ...

3. Knockout gene to reactions ...

2. Modify module to suit BW25113 and culture ...

3. Knockout gene to reactions ...

2. Modify module to suit BW25113 and culture ...

3. Knockout gene to reactions ...

2. Modify module to suit BW25113 and culture ...

3. Knockout gene to reactions ...

4. read growth rate file ...
2. Modify module to suit BW25113 and culture ...

3. Knockout gene to reactions ...

2. Modify module to suit BW25113 and culture ...

3. Knockout gene to reactions ...

2. Modify module to suit BW25113 and culture ...

3. Knockout gene to reactions ...

2. Modify module to suit BW25113 and culture ...

3. Knockout gene to reactions ...

4. read growth rate file ...
2. Modify module to suit BW25113 and culture ...

3. Knockout gene to reactions ...

2. Modify module to suit BW25113 and culture ...

3. Knockout gene to reactions ...

4. read growth rate file ...
2. Modify module to suit BW25113 and culture ...

3. Knockout gene to reactions ...

2. Modify module to suit BW25113 and culture ...

3. Knockout gene to reactions ...

4. read growth rate file ...
2. Modify module to suit BW25113 and culture ...

3. Knockout gene to reactions ...

2. Modify module to suit BW25113 and culture ...

3. Knockout gene to reactions ...

2. Modify module to suit BW25113 and culture ...

3. Knockout gene to reactions ...

2. Modify module to suit BW25113 and culture ...

3. Knockout gene to reactions ...

4. read growth rate file ...
4. read growth rate file ...
4. read growth rate file ...
5. fba and fva analysis ...
5. fba and fva analysis ...
4. read growth rate file ...
2. Modify module to suit BW25113 and culture ...

3. Knockout gene to reactions ...

4. read growth rate file ...
5. fba and fva analysis ...
4. read growth rate file ...
4. read growth rate file ...
4. read growth rate file ...
4. read growth rate file ...
4. read growth rate file ...
2. Modify module to suit BW25113 and culture ...

3. Knockout gene to reactions ...

4. read growth rate file ...
5. fba and fva analysis ...
4. read growth rate file ...
4. read growth rate file ...
4. read growth rate file ...
4. read growth rate file ...
4. read growth rate file ...
4. read growth rate file ...
5. fba and fva analysis ...
5. fba and fva analysis ...
5. fba and fva analysis ...
4. read growth rate file ...
4. read growth rate file ...
4. read growth rate file ...
4. read growth rate file ...
5. fba and fva analysis ...
5. fba and fva analysis ...
5. fba and fva analysis ...
5. fba and fva analysis ...
4. read growth rate file ...
5. fba and fva analysis ...
5. fba and fva analysis ...
5. fba and fva analysis ...
5. fba and fva analysis ...
5. fba and fva analysis ...
4. read growth rate file ...
5. fba and fva analysis ...
5. fba and fva analysis ...
5. fba and fva analysis ...
5. fba and fva analysis ...
5. fba and fva analysis ...
5. fba and fva analysis ...
5. fba and fva analysis ...
5. fba and fva analysis ...
5. fba and fva analysis ...
5. fba and fva analysis ...
5. fba and fva analysis ...
Traceback (most recent call last):
  File "./Ecoli_FVA.py", line 57, in <module>
    print(Condition + "\t" + geneId + "\t" + str(gr))
IOError: [Errno 2] No such file or directory
#process 55813 finished!
Traceback (most recent call last):
  File "./Ecoli_FVA.py", line 57, in <module>
    print(Condition + "\t" + geneId + "\t" + str(gr))
IOError: [Errno 2] No such file or directory
#process 55876 finished!
Traceback (most recent call last):
  File "./Ecoli_FVA.py", line 57, in <module>
    print(Condition + "\t" + geneId + "\t" + str(gr))
IOError: [Errno 2] No such file or directory
#process 55799 finished!
Traceback (most recent call last):
  File "./Ecoli_FVA.py", line 57, in <module>
    print(Condition + "\t" + geneId + "\t" + str(gr))
IOError: [Errno 2] No such file or directory
#process 55871 finished!
Traceback (most recent call last):
  File "./Ecoli_FVA.py", line 57, in <module>
    print(Condition + "\t" + geneId + "\t" + str(gr))
IOError: [Errno 2] No such file or directory
#process 55803 finished!
Traceback (most recent call last):
  File "./Ecoli_FVA.py", line 57, in <module>
    print(Condition + "\t" + geneId + "\t" + str(gr))
IOError: [Errno 2] No such file or directory
#process 55835 finished!
Traceback (most recent call last):
  File "./Ecoli_FVA.py", line 57, in <module>
    print(Condition + "\t" + geneId + "\t" + str(gr))
IOError: [Errno 2] No such file or directory
#process 55869 finished!
Traceback (most recent call last):
  File "./Ecoli_FVA.py", line 57, in <module>
    print(Condition + "\t" + geneId + "\t" + str(gr))
IOError: [Errno 2] No such file or directory
#process 55842 finished!
Traceback (most recent call last):
  File "./Ecoli_FVA.py", line 57, in <module>
    print(Condition + "\t" + geneId + "\t" + str(gr))
IOError: [Errno 2] No such file or directory
#process 55807 finished!
Traceback (most recent call last):
  File "./Ecoli_FVA.py", line 57, in <module>
    print(Condition + "\t" + geneId + "\t" + str(gr))
IOError: [Errno 2] No such file or directory
#process 55805 finished!
#process 55874 finished!
Traceback (most recent call last):
  File "./Ecoli_FVA.py", line 57, in <module>
    print(Condition + "\t" + geneId + "\t" + str(gr))
IOError: [Errno 2] No such file or directory
#process 55845 finished!
#process 55811 finished!
Traceback (most recent call last):
  File "./Ecoli_FVA.py", line 57, in <module>
    print(Condition + "\t" + geneId + "\t" + str(gr))
IOError: [Errno 2] No such file or directory
#process 55798 finished!
#process 55853 finished!
#process 55801 finished!
#process 55818 finished!
#process 55815 finished!
#process 55852 finished!
Traceback (most recent call last):
  File "./Ecoli_FVA.py", line 57, in <module>
    print(Condition + "\t" + geneId + "\t" + str(gr))
IOError: [Errno 2] No such file or directory
#process 55864 finished!
#process 55832 finished!
#process 55857 finished!
#process 55809 finished!
#process 55848 finished!
#process 55830 finished!
#process 55839 finished!
#process 55866 finished!
#process 55822 finished!
#process 55859 finished!
#process 55826 finished!
#done!!!
---Program	./monitor.pl	ends  --> Tue Jan 20 09:23:33 2015
