---Program	./monitor.pl	starts --> Mon Jan 19 19:10:14 2015
#calling </cbrc/software/anaconda/v2.1.0.app/bin/python ./Ecoli_FVA.py HIGHCOBALT-0.1
> ...
#calling </cbrc/software/anaconda/v2.1.0.app/bin/python ./Ecoli_FVA.py HIGHCOBALT-0.5
> ...
#calling </cbrc/software/anaconda/v2.1.0.app/bin/python ./Ecoli_FVA.py HIGHCOPPER-1.0
> ...
#calling </cbrc/software/anaconda/v2.1.0.app/bin/python ./Ecoli_FVA.py HIGHCOPPER-2.0
> ...
#calling </cbrc/software/anaconda/v2.1.0.app/bin/python ./Ecoli_FVA.py HIGHCOPPER-4.0
> ...
#calling </cbrc/software/anaconda/v2.1.0.app/bin/python ./Ecoli_FVA.py DEOXYCHOLATE-0.1%
> ...
#calling </cbrc/software/anaconda/v2.1.0.app/bin/python ./Ecoli_FVA.py DEOXYCHOLATE-0.5%
> ...
#calling </cbrc/software/anaconda/v2.1.0.app/bin/python ./Ecoli_FVA.py DEOXYCHOLATE-2.0%
> ...
#calling </cbrc/software/anaconda/v2.1.0.app/bin/python ./Ecoli_FVA.py DIBUCAINE-0.4
> ...
#calling </cbrc/software/anaconda/v2.1.0.app/bin/python ./Ecoli_FVA.py DIBUCAINE-0.8
> ...
#calling </cbrc/software/anaconda/v2.1.0.app/bin/python ./Ecoli_FVA.py DIBUCAINE-1.2
> ...
#calling </cbrc/software/anaconda/v2.1.0.app/bin/python ./Ecoli_FVA.py DOXORUBICIN-1.0
> ...
#calling </cbrc/software/anaconda/v2.1.0.app/bin/python ./Ecoli_FVA.py DOXORUBICIN-10.0
> ...
#calling </cbrc/software/anaconda/v2.1.0.app/bin/python ./Ecoli_FVA.py EDTA-0.1
> ...
#calling </cbrc/software/anaconda/v2.1.0.app/bin/python ./Ecoli_FVA.py EDTA-0.5
> ...
#calling </cbrc/software/anaconda/v2.1.0.app/bin/python ./Ecoli_FVA.py EDTA-1.0
> ...
#calling </cbrc/software/anaconda/v2.1.0.app/bin/python ./Ecoli_FVA.py EGCG-20
> ...
#calling </cbrc/software/anaconda/v2.1.0.app/bin/python ./Ecoli_FVA.py EGCG-5
> ...
#calling </cbrc/software/anaconda/v2.1.0.app/bin/python ./Ecoli_FVA.py EGCG-50
> ...
#calling </cbrc/software/anaconda/v2.1.0.app/bin/python ./Ecoli_FVA.py EPINEPHRINE-1000
> ...
#calling </cbrc/software/anaconda/v2.1.0.app/bin/python ./Ecoli_FVA.py EPINEPHRINE-250
> ...
#calling </cbrc/software/anaconda/v2.1.0.app/bin/python ./Ecoli_FVA.py EPINEPHRINE-50
> ...
#calling </cbrc/software/anaconda/v2.1.0.app/bin/python ./Ecoli_FVA.py ERYTHROMYCIN-0.1
> ...
#calling </cbrc/software/anaconda/v2.1.0.app/bin/python ./Ecoli_FVA.py ERYTHROMYCIN-1.0
> ...
#calling </cbrc/software/anaconda/v2.1.0.app/bin/python ./Ecoli_FVA.py ERYTHROMYCIN-10.0
> ...
#calling </cbrc/software/anaconda/v2.1.0.app/bin/python ./Ecoli_FVA.py ERYTHROMYCIN-5.0
> ...
#calling </cbrc/software/anaconda/v2.1.0.app/bin/python ./Ecoli_FVA.py ETHIDIUMBROMIDE-10
> ...
#calling </cbrc/software/anaconda/v2.1.0.app/bin/python ./Ecoli_FVA.py ETHIDIUMBROMIDE-2
> ...
#calling </cbrc/software/anaconda/v2.1.0.app/bin/python ./Ecoli_FVA.py FOSFOMYCIN-1.0
> ...
#calling </cbrc/software/anaconda/v2.1.0.app/bin/python ./Ecoli_FVA.py ETHIDIUMBROMIDE-50
> ...
1. read sbml model ...

1. read sbml model ...

2. Modify module to suit BW25113 and culture ...

3. Knockout gene to reactions ...

1. read sbml model ...

4. read growth rate file ...
1. read sbml model ...

1. read sbml model ...

2. Modify module to suit BW25113 and culture ...

3. Knockout gene to reactions ...

1. read sbml model ...

1. read sbml model ...

1. read sbml model ...

1. read sbml model ...

1. read sbml model ...

1. read sbml model ...

1. read sbml model ...

1. read sbml model ...

2. Modify module to suit BW25113 and culture ...

3. Knockout gene to reactions ...

1. read sbml model ...

1. read sbml model ...

1. read sbml model ...

1. read sbml model ...

1. read sbml model ...

4. read growth rate file ...
1. read sbml model ...

1. read sbml model ...

1. read sbml model ...

1. read sbml model ...

1. read sbml model ...

1. read sbml model ...

1. read sbml model ...

1. read sbml model ...

1. read sbml model ...

1. read sbml model ...

1. read sbml model ...

1. read sbml model ...

5. fba and fva analysis ...
2. Modify module to suit BW25113 and culture ...

3. Knockout gene to reactions ...

4. read growth rate file ...
5. fba and fva analysis ...
2. Modify module to suit BW25113 and culture ...

3. Knockout gene to reactions ...

2. Modify module to suit BW25113 and culture ...

3. Knockout gene to reactions ...

2. Modify module to suit BW25113 and culture ...

3. Knockout gene to reactions ...

2. Modify module to suit BW25113 and culture ...

3. Knockout gene to reactions ...

2. Modify module to suit BW25113 and culture ...

3. Knockout gene to reactions ...

2. Modify module to suit BW25113 and culture ...

3. Knockout gene to reactions ...

5. fba and fva analysis ...
2. Modify module to suit BW25113 and culture ...

3. Knockout gene to reactions ...

2. Modify module to suit BW25113 and culture ...

3. Knockout gene to reactions ...

4. read growth rate file ...
2. Modify module to suit BW25113 and culture ...

3. Knockout gene to reactions ...

2. Modify module to suit BW25113 and culture ...

3. Knockout gene to reactions ...

2. Modify module to suit BW25113 and culture ...

3. Knockout gene to reactions ...

2. Modify module to suit BW25113 and culture ...

2. Modify module to suit BW25113 and culture ...
3. Knockout gene to reactions ...


3. Knockout gene to reactions ...

2. Modify module to suit BW25113 and culture ...
2. Modify module to suit BW25113 and culture ...


3. Knockout gene to reactions ...

3. Knockout gene to reactions ...

2. Modify module to suit BW25113 and culture ...

3. Knockout gene to reactions ...

2. Modify module to suit BW25113 and culture ...

3. Knockout gene to reactions ...

2. Modify module to suit BW25113 and culture ...

3. Knockout gene to reactions ...

2. Modify module to suit BW25113 and culture ...

3. Knockout gene to reactions ...

2. Modify module to suit BW25113 and culture ...

3. Knockout gene to reactions ...

4. read growth rate file ...
2. Modify module to suit BW25113 and culture ...

2. Modify module to suit BW25113 and culture ...

3. Knockout gene to reactions ...

3. Knockout gene to reactions ...

2. Modify module to suit BW25113 and culture ...

3. Knockout gene to reactions ...

4. read growth rate file ...
2. Modify module to suit BW25113 and culture ...

3. Knockout gene to reactions ...

2. Modify module to suit BW25113 and culture ...

3. Knockout gene to reactions ...

2. Modify module to suit BW25113 and culture ...

3. Knockout gene to reactions ...

4. read growth rate file ...
4. read growth rate file ...
4. read growth rate file ...
4. read growth rate file ...
5. fba and fva analysis ...
4. read growth rate file ...
4. read growth rate file ...
4. read growth rate file ...
4. read growth rate file ...
5. fba and fva analysis ...
5. fba and fva analysis ...
4. read growth rate file ...
4. read growth rate file ...
4. read growth rate file ...
4. read growth rate file ...
4. read growth rate file ...
4. read growth rate file ...
4. read growth rate file ...
4. read growth rate file ...
4. read growth rate file ...
4. read growth rate file ...
4. read growth rate file ...
4. read growth rate file ...
4. read growth rate file ...
4. read growth rate file ...
4. read growth rate file ...
5. fba and fva analysis ...
4. read growth rate file ...
5. fba and fva analysis ...
5. fba and fva analysis ...
5. fba and fva analysis ...
5. fba and fva analysis ...
5. fba and fva analysis ...
5. fba and fva analysis ...
5. fba and fva analysis ...
5. fba and fva analysis ...
5. fba and fva analysis ...
5. fba and fva analysis ...
5. fba and fva analysis ...
5. fba and fva analysis ...
5. fba and fva analysis ...
5. fba and fva analysis ...
5. fba and fva analysis ...
5. fba and fva analysis ...
5. fba and fva analysis ...
5. fba and fva analysis ...
5. fba and fva analysis ...
5. fba and fva analysis ...
5. fba and fva analysis ...
5. fba and fva analysis ...
5. fba and fva analysis ...
#process 56447 finished!
#process 56381 finished!
#process 56403 finished!
#process 56444 finished!
#process 56449 finished!
#process 56389 finished!
#process 56421 finished!
#process 56383 finished!
#process 56387 finished!
#process 56393 finished!
#process 56385 finished!
#process 56442 finished!
#process 56433 finished!
#process 56439 finished!
#process 56395 finished!
#process 56437 finished!
#process 56379 finished!
#process 56376 finished!
#process 56425 finished!
#process 56418 finished!
#process 56411 finished!
#process 56452 finished!
#process 56408 finished!
#process 56415 finished!
#process 56391 finished!
#process 56406 finished!
#process 56377 finished!
#process 56427 finished!
#process 56399 finished!
#process 56430 finished!
#done!!!
---Program	./monitor.pl	ends  --> Tue Jan 20 08:38:36 2015
