---Program	./monitor.pl	starts --> Mon Jan 19 19:16:24 2015
#calling </cbrc/software/anaconda/v2.1.0.app/bin/python ./Ecoli_FVA.py THEOPHYLLINE-100
> ...
#calling </cbrc/software/anaconda/v2.1.0.app/bin/python ./Ecoli_FVA.py THIOLACTOMYCIN-1
> ...
#calling </cbrc/software/anaconda/v2.1.0.app/bin/python ./Ecoli_FVA.py THIOLACTOMYCIN-5
> ...
#calling </cbrc/software/anaconda/v2.1.0.app/bin/python ./Ecoli_FVA.py THIOLACTOMYCIN-50
> ...
#calling </cbrc/software/anaconda/v2.1.0.app/bin/python ./Ecoli_FVA.py TOBRAMYCIN-0.05
> ...
#calling </cbrc/software/anaconda/v2.1.0.app/bin/python ./Ecoli_FVA.py TOBRAMYCIN-0.1
> ...
#calling </cbrc/software/anaconda/v2.1.0.app/bin/python ./Ecoli_FVA.py TOBRAMYCIN-0.2
> ...
#calling </cbrc/software/anaconda/v2.1.0.app/bin/python ./Ecoli_FVA.py TOBRAMYCIN-0.4
> ...
#calling </cbrc/software/anaconda/v2.1.0.app/bin/python ./Ecoli_FVA.py TRICLOSAN-0.05
> ...
#calling </cbrc/software/anaconda/v2.1.0.app/bin/python ./Ecoli_FVA.py TRITONX-0.01%
> ...
#calling </cbrc/software/anaconda/v2.1.0.app/bin/python ./Ecoli_FVA.py TRITONX-0.03%
> ...
#calling </cbrc/software/anaconda/v2.1.0.app/bin/python ./Ecoli_FVA.py TRITONX-0.2%
> ...
#calling </cbrc/software/anaconda/v2.1.0.app/bin/python ./Ecoli_FVA.py TUNICAMYCIN-1.0
> ...
#calling </cbrc/software/anaconda/v2.1.0.app/bin/python ./Ecoli_FVA.py TUNICAMYCIN-3.0
> ...
#calling </cbrc/software/anaconda/v2.1.0.app/bin/python ./Ecoli_FVA.py TUNICAMYCIN-7.5
> ...
#calling </cbrc/software/anaconda/v2.1.0.app/bin/python ./Ecoli_FVA.py VANCOMYCIN-10
> ...
#calling </cbrc/software/anaconda/v2.1.0.app/bin/python ./Ecoli_FVA.py VANCOMYCIN-20
> ...
#calling </cbrc/software/anaconda/v2.1.0.app/bin/python ./Ecoli_FVA.py VANCOMYCIN-50
> ...
#calling </cbrc/software/anaconda/v2.1.0.app/bin/python ./Ecoli_FVA.py VERAPAMIL-0.1
> ...
#calling </cbrc/software/anaconda/v2.1.0.app/bin/python ./Ecoli_FVA.py VERAPAMIL-0.5
> ...
#calling </cbrc/software/anaconda/v2.1.0.app/bin/python ./Ecoli_FVA.py VERAPAMIL-1.0
> ...
#calling </cbrc/software/anaconda/v2.1.0.app/bin/python ./Ecoli_FVA.py AZTREONAM-0.02
> ...
#calling </cbrc/software/anaconda/v2.1.0.app/bin/python ./Ecoli_FVA.py AZTREONAM-0.04
> ...
#calling </cbrc/software/anaconda/v2.1.0.app/bin/python ./Ecoli_FVA.py BACITRACIN-100
> ...
#calling </cbrc/software/anaconda/v2.1.0.app/bin/python ./Ecoli_FVA.py BACITRACIN-200
> ...
#calling </cbrc/software/anaconda/v2.1.0.app/bin/python ./Ecoli_FVA.py BACITRACIN-300
> ...
#calling </cbrc/software/anaconda/v2.1.0.app/bin/python ./Ecoli_FVA.py CARBENICILLIN-0.5
> ...
#calling </cbrc/software/anaconda/v2.1.0.app/bin/python ./Ecoli_FVA.py CARBENICILLIN-1.0
> ...
#calling </cbrc/software/anaconda/v2.1.0.app/bin/python ./Ecoli_FVA.py CARBENICILLIN-1.5
> ...
#calling </cbrc/software/anaconda/v2.1.0.app/bin/python ./Ecoli_FVA.py CEFSULODIN-6.0,MECILLINAM-0.03
> ...
1. read sbml model ...

2. Modify module to suit BW25113 and culture ...

3. Knockout gene to reactions ...

1. read sbml model ...

4. read growth rate file ...
1. read sbml model ...

2. Modify module to suit BW25113 and culture ...

3. Knockout gene to reactions ...

5. fba and fva analysis ...
2. Modify module to suit BW25113 and culture ...

3. Knockout gene to reactions ...

4. read growth rate file ...
1. read sbml model ...

1. read sbml model ...

4. read growth rate file ...
1. read sbml model ...

1. read sbml model ...

1. read sbml model ...

1. read sbml model ...

1. read sbml model ...

1. read sbml model ...

1. read sbml model ...

1. read sbml model ...

1. read sbml model ...

1. read sbml model ...

1. read sbml model ...

1. read sbml model ...

1. read sbml model ...

1. read sbml model ...

1. read sbml model ...

1. read sbml model ...

1. read sbml model ...

1. read sbml model ...

1. read sbml model ...

1. read sbml model ...

1. read sbml model ...

1. read sbml model ...

1. read sbml model ...

1. read sbml model ...

1. read sbml model ...

5. fba and fva analysis ...
2. Modify module to suit BW25113 and culture ...

3. Knockout gene to reactions ...

5. fba and fva analysis ...
2. Modify module to suit BW25113 and culture ...

3. Knockout gene to reactions ...

2. Modify module to suit BW25113 and culture ...

3. Knockout gene to reactions ...

2. Modify module to suit BW25113 and culture ...

3. Knockout gene to reactions ...

2. Modify module to suit BW25113 and culture ...

3. Knockout gene to reactions ...

2. Modify module to suit BW25113 and culture ...

3. Knockout gene to reactions ...

2. Modify module to suit BW25113 and culture ...

3. Knockout gene to reactions ...

2. Modify module to suit BW25113 and culture ...

3. Knockout gene to reactions ...

2. Modify module to suit BW25113 and culture ...

3. Knockout gene to reactions ...

2. Modify module to suit BW25113 and culture ...

3. Knockout gene to reactions ...

4. read growth rate file ...
2. Modify module to suit BW25113 and culture ...

3. Knockout gene to reactions ...

2. Modify module to suit BW25113 and culture ...

3. Knockout gene to reactions ...

2. Modify module to suit BW25113 and culture ...

3. Knockout gene to reactions ...

2. Modify module to suit BW25113 and culture ...

3. Knockout gene to reactions ...

2. Modify module to suit BW25113 and culture ...

3. Knockout gene to reactions ...

2. Modify module to suit BW25113 and culture ...

3. Knockout gene to reactions ...

2. Modify module to suit BW25113 and culture ...

3. Knockout gene to reactions ...

2. Modify module to suit BW25113 and culture ...

3. Knockout gene to reactions ...

2. Modify module to suit BW25113 and culture ...

3. Knockout gene to reactions ...

2. Modify module to suit BW25113 and culture ...

3. Knockout gene to reactions ...

2. Modify module to suit BW25113 and culture ...

3. Knockout gene to reactions ...

2. Modify module to suit BW25113 and culture ...

3. Knockout gene to reactions ...

2. Modify module to suit BW25113 and culture ...

3. Knockout gene to reactions ...

2. Modify module to suit BW25113 and culture ...

3. Knockout gene to reactions ...

4. read growth rate file ...
4. read growth rate file ...
5. fba and fva analysis ...
4. read growth rate file ...
4. read growth rate file ...
4. read growth rate file ...
4. read growth rate file ...
4. read growth rate file ...
4. read growth rate file ...
4. read growth rate file ...
4. read growth rate file ...
4. read growth rate file ...
4. read growth rate file ...
4. read growth rate file ...
4. read growth rate file ...
4. read growth rate file ...
4. read growth rate file ...
4. read growth rate file ...
4. read growth rate file ...
4. read growth rate file ...
4. read growth rate file ...
4. read growth rate file ...
5. fba and fva analysis ...
5. fba and fva analysis ...
5. fba and fva analysis ...
5. fba and fva analysis ...
5. fba and fva analysis ...
5. fba and fva analysis ...
5. fba and fva analysis ...
5. fba and fva analysis ...
5. fba and fva analysis ...
5. fba and fva analysis ...
5. fba and fva analysis ...
5. fba and fva analysis ...
5. fba and fva analysis ...
5. fba and fva analysis ...
5. fba and fva analysis ...
5. fba and fva analysis ...
5. fba and fva analysis ...
5. fba and fva analysis ...
5. fba and fva analysis ...
5. fba and fva analysis ...
5. fba and fva analysis ...
2. Modify module to suit BW25113 and culture ...

3. Knockout gene to reactions ...

4. read growth rate file ...
2. Modify module to suit BW25113 and culture ...

3. Knockout gene to reactions ...

2. Modify module to suit BW25113 and culture ...

3. Knockout gene to reactions ...

4. read growth rate file ...
4. read growth rate file ...
4. read growth rate file ...
5. fba and fva analysis ...
4. read growth rate file ...
5. fba and fva analysis ...
5. fba and fva analysis ...
5. fba and fva analysis ...
5. fba and fva analysis ...
#process 35124 finished!
#process 35128 finished!
#process 35154 finished!
#process 35156 finished!
#process 35090 finished!
#process 35086 finished!
#process 35101 finished!
#process 35084 finished!
#process 35151 finished!
#process 35145 finished!
#process 35119 finished!
#process 35098 finished!
#process 35082 finished!
#process 35088 finished!
#process 35148 finished!
#process 35080 finished!
#process 35141 finished!
#process 35075 finished!
#process 35116 finished!
#process 35113 finished!
#process 35094 finished!
#process 35138 finished!
#process 35110 finished!
#process 35107 finished!
#process 35132 finished!
#process 35076 finished!
#process 35122 finished!
#process 35103 finished!
#process 35135 finished!
#process 35078 finished!
#done!!!
---Program	./monitor.pl	ends  --> Tue Jan 20 13:35:39 2015
