---Program	./monitor.pl	starts --> Mon Jan 19 18:56:13 2015
#calling </cbrc/software/anaconda/v2.1.0.app/bin/python ./Ecoli_FVA.py SDS0.5%/EDTA0.1
> ...
#calling </cbrc/software/anaconda/v2.1.0.app/bin/python ./Ecoli_FVA.py SDS0.5%/EDTA0.5
> ...
#calling </cbrc/software/anaconda/v2.1.0.app/bin/python ./Ecoli_FVA.py SDS1.0%/EDTA0.5
> ...
#calling </cbrc/software/anaconda/v2.1.0.app/bin/python ./Ecoli_FVA.py 16C
> ...
#calling </cbrc/software/anaconda/v2.1.0.app/bin/python ./Ecoli_FVA.py 18C
> ...
#calling </cbrc/software/anaconda/v2.1.0.app/bin/python ./Ecoli_FVA.py 20C
> ...
#calling </cbrc/software/anaconda/v2.1.0.app/bin/python ./Ecoli_FVA.py 40C
> ...
#calling </cbrc/software/anaconda/v2.1.0.app/bin/python ./Ecoli_FVA.py 42C
> ...
#calling </cbrc/software/anaconda/v2.1.0.app/bin/python ./Ecoli_FVA.py 43.5C
> ...
#calling </cbrc/software/anaconda/v2.1.0.app/bin/python ./Ecoli_FVA.py 45C
> ...
#calling </cbrc/software/anaconda/v2.1.0.app/bin/python ./Ecoli_FVA.py A22-0.5
> ...
#calling </cbrc/software/anaconda/v2.1.0.app/bin/python ./Ecoli_FVA.py A22-15.0
> ...
#calling </cbrc/software/anaconda/v2.1.0.app/bin/python ./Ecoli_FVA.py A22-2.0
> ...
#calling </cbrc/software/anaconda/v2.1.0.app/bin/python ./Ecoli_FVA.py A22-5.0
> ...
#calling </cbrc/software/anaconda/v2.1.0.app/bin/python ./Ecoli_FVA.py ACTINOMYCIND-10.0
> ...
#calling </cbrc/software/anaconda/v2.1.0.app/bin/python ./Ecoli_FVA.py ACTINOMYCIND-15.0
> ...
#calling </cbrc/software/anaconda/v2.1.0.app/bin/python ./Ecoli_FVA.py ACTINOMYCIND-2.5
> ...
#calling </cbrc/software/anaconda/v2.1.0.app/bin/python ./Ecoli_FVA.py ACTINOMYCIND-5.0
> ...
#calling </cbrc/software/anaconda/v2.1.0.app/bin/python ./Ecoli_FVA.py ACETATE
> ...
#calling </cbrc/software/anaconda/v2.1.0.app/bin/python ./Ecoli_FVA.py ACRIFLAVINE-10
> ...
#calling </cbrc/software/anaconda/v2.1.0.app/bin/python ./Ecoli_FVA.py ACRIFLAVINE-2
> ...
#calling </cbrc/software/anaconda/v2.1.0.app/bin/python ./Ecoli_FVA.py AMIKACIN-0.05
> ...
#calling </cbrc/software/anaconda/v2.1.0.app/bin/python ./Ecoli_FVA.py AMIKACIN-0.1
> ...
#calling </cbrc/software/anaconda/v2.1.0.app/bin/python ./Ecoli_FVA.py AMIKACIN-0.2
> ...
#calling </cbrc/software/anaconda/v2.1.0.app/bin/python ./Ecoli_FVA.py AMOXICILLIN-0.25
> ...
#calling </cbrc/software/anaconda/v2.1.0.app/bin/python ./Ecoli_FVA.py AMOXICILLIN-0.5
> ...
#calling </cbrc/software/anaconda/v2.1.0.app/bin/python ./Ecoli_FVA.py AMOXICILLIN-1.0
> ...
#calling </cbrc/software/anaconda/v2.1.0.app/bin/python ./Ecoli_FVA.py AMOXICILLIN-1.5
> ...
#calling </cbrc/software/anaconda/v2.1.0.app/bin/python ./Ecoli_FVA.py AMPICILLIN-1.0
> ...
#calling </cbrc/software/anaconda/v2.1.0.app/bin/python ./Ecoli_FVA.py AMPICILLIN-2.0
> ...
1. read sbml model ...

1. read sbml model ...

2. Modify module to suit BW25113 and culture ...

3. Knockout gene to reactions ...

1. read sbml model ...

1. read sbml model ...

1. read sbml model ...

1. read sbml model ...

1. read sbml model ...

2. Modify module to suit BW25113 and culture ...

3. Knockout gene to reactions ...

1. read sbml model ...

4. read growth rate file ...
1. read sbml model ...

1. read sbml model ...

1. read sbml model ...

1. read sbml model ...

1. read sbml model ...

1. read sbml model ...

1. read sbml model ...

1. read sbml model ...

1. read sbml model ...

1. read sbml model ...

1. read sbml model ...

1. read sbml model ...

1. read sbml model ...

1. read sbml model ...

1. read sbml model ...

1. read sbml model ...

1. read sbml model ...

1. read sbml model ...

1. read sbml model ...

1. read sbml model ...

1. read sbml model ...

1. read sbml model ...

4. read growth rate file ...
5. fba and fva analysis ...
2. Modify module to suit BW25113 and culture ...

3. Knockout gene to reactions ...

2. Modify module to suit BW25113 and culture ...

3. Knockout gene to reactions ...

2. Modify module to suit BW25113 and culture ...

3. Knockout gene to reactions ...

2. Modify module to suit BW25113 and culture ...

3. Knockout gene to reactions ...

2. Modify module to suit BW25113 and culture ...

3. Knockout gene to reactions ...

5. fba and fva analysis ...
2. Modify module to suit BW25113 and culture ...

3. Knockout gene to reactions ...

2. Modify module to suit BW25113 and culture ...

3. Knockout gene to reactions ...

2. Modify module to suit BW25113 and culture ...

3. Knockout gene to reactions ...

2. Modify module to suit BW25113 and culture ...

3. Knockout gene to reactions ...

2. Modify module to suit BW25113 and culture ...

3. Knockout gene to reactions ...

2. Modify module to suit BW25113 and culture ...

3. Knockout gene to reactions ...

2. Modify module to suit BW25113 and culture ...

3. Knockout gene to reactions ...

2. Modify module to suit BW25113 and culture ...

3. Knockout gene to reactions ...

2. Modify module to suit BW25113 and culture ...

3. Knockout gene to reactions ...

2. Modify module to suit BW25113 and culture ...

3. Knockout gene to reactions ...

2. Modify module to suit BW25113 and culture ...

3. Knockout gene to reactions ...

2. Modify module to suit BW25113 and culture ...

3. Knockout gene to reactions ...

4. read growth rate file ...
2. Modify module to suit BW25113 and culture ...

3. Knockout gene to reactions ...

2. Modify module to suit BW25113 and culture ...

3. Knockout gene to reactions ...

2. Modify module to suit BW25113 and culture ...

3. Knockout gene to reactions ...

4. read growth rate file ...
2. Modify module to suit BW25113 and culture ...

3. Knockout gene to reactions ...

4. read growth rate file ...
2. Modify module to suit BW25113 and culture ...

3. Knockout gene to reactions ...

4. read growth rate file ...
4. read growth rate file ...
4. read growth rate file ...
2. Modify module to suit BW25113 and culture ...

3. Knockout gene to reactions ...

2. Modify module to suit BW25113 and culture ...

3. Knockout gene to reactions ...

2. Modify module to suit BW25113 and culture ...

3. Knockout gene to reactions ...

2. Modify module to suit BW25113 and culture ...

3. Knockout gene to reactions ...

2. Modify module to suit BW25113 and culture ...

3. Knockout gene to reactions ...

4. read growth rate file ...
2. Modify module to suit BW25113 and culture ...

3. Knockout gene to reactions ...

4. read growth rate file ...
4. read growth rate file ...
4. read growth rate file ...
5. fba and fva analysis ...
4. read growth rate file ...
5. fba and fva analysis ...
5. fba and fva analysis ...
4. read growth rate file ...
4. read growth rate file ...
5. fba and fva analysis ...
4. read growth rate file ...
4. read growth rate file ...
4. read growth rate file ...
4. read growth rate file ...
5. fba and fva analysis ...
4. read growth rate file ...
4. read growth rate file ...
5. fba and fva analysis ...
4. read growth rate file ...
4. read growth rate file ...
4. read growth rate file ...
5. fba and fva analysis ...
4. read growth rate file ...
4. read growth rate file ...
4. read growth rate file ...
4. read growth rate file ...
4. read growth rate file ...
5. fba and fva analysis ...
5. fba and fva analysis ...
5. fba and fva analysis ...
4. read growth rate file ...
5. fba and fva analysis ...
5. fba and fva analysis ...
5. fba and fva analysis ...
5. fba and fva analysis ...
Traceback (most recent call last):
  File "./Ecoli_FVA.py", line 40, in <module>
    fva_f = open('./result/' + Condition + '.txt', "w")
IOError: [Errno 2] No such file or directory: './result/SDS0.5%/EDTA0.1.txt'
5. fba and fva analysis ...
5. fba and fva analysis ...
Traceback (most recent call last):
  File "./Ecoli_FVA.py", line 40, in <module>
    fva_f = open('./result/' + Condition + '.txt', "w")
IOError: [Errno 2] No such file or directory: './result/SDS1.0%/EDTA0.5.txt'
5. fba and fva analysis ...
5. fba and fva analysis ...
5. fba and fva analysis ...
5. fba and fva analysis ...
Traceback (most recent call last):
  File "./Ecoli_FVA.py", line 40, in <module>
    fva_f = open('./result/' + Condition + '.txt', "w")
IOError: [Errno 2] No such file or directory: './result/SDS0.5%/EDTA0.5.txt'
5. fba and fva analysis ...
5. fba and fva analysis ...
#process 5216 finished!
5. fba and fva analysis ...
5. fba and fva analysis ...
#process 5219 finished!
5. fba and fva analysis ...
5. fba and fva analysis ...
#process 5217 finished!
5. fba and fva analysis ...
5. fba and fva analysis ...
Traceback (most recent call last):
  File "./Ecoli_FVA.py", line 57, in <module>
    print(Condition + "\t" + geneId + "\t" + str(gr))
IOError: [Errno 2] No such file or directory
#process 5252 finished!
Traceback (most recent call last):
  File "./Ecoli_FVA.py", line 57, in <module>
    print(Condition + "\t" + geneId + "\t" + str(gr))
IOError: [Errno 2] No such file or directory
#process 5268 finished!
Traceback (most recent call last):
  File "./Ecoli_FVA.py", line 57, in <module>
    print(Condition + "\t" + geneId + "\t" + str(gr))
IOError: [Errno 2] No such file or directory
#process 5272 finished!
Traceback (most recent call last):
  File "./Ecoli_FVA.py", line 57, in <module>
    print(Condition + "\t" + geneId + "\t" + str(gr))
IOError: [Errno 2] No such file or directory
#process 5265 finished!
Traceback (most recent call last):
  File "./Ecoli_FVA.py", line 57, in <module>
    print(Condition + "\t" + geneId + "\t" + str(gr))
IOError: [Errno 2] No such file or directory
#process 5240 finished!
Traceback (most recent call last):
  File "./Ecoli_FVA.py", line 57, in <module>
    print(Condition + "\t" + geneId + "\t" + str(gr))
IOError: [Errno 2] No such file or directory
#process 5248 finished!
Traceback (most recent call last):
  File "./Ecoli_FVA.py", line 57, in <module>
    print(Condition + "\t" + geneId + "\t" + str(gr))
IOError: [Errno 2] No such file or directory
#process 5244 finished!
#process 5254 finished!
#process 5259 finished!
Traceback (most recent call last):
  File "./Ecoli_FVA.py", line 57, in <module>
    print(Condition + "\t" + geneId + "\t" + str(gr))
IOError: [Errno 2] No such file or directory
#process 5279 finished!
#process 5262 finished!
Traceback (most recent call last):
  File "./Ecoli_FVA.py", line 57, in <module>
    print(Condition + "\t" + geneId + "\t" + str(gr))
IOError: [Errno 2] No such file or directory
#process 5223 finished!
Traceback (most recent call last):
  File "./Ecoli_FVA.py", line 57, in <module>
    print(Condition + "\t" + geneId + "\t" + str(gr))
IOError: [Errno 2] No such file or directory
#process 5225 finished!
#process 5289 finished!
#process 5233 finished!
#process 5231 finished!
#process 5295 finished!
#process 5229 finished!
#process 5285 finished!
#process 5227 finished!
#process 5274 finished!
#process 5292 finished!
#process 5221 finished!
#process 5282 finished!
#process 5278 finished!
#process 5297 finished!
#process 5237 finished!
#done!!!
---Program	./monitor.pl	ends  --> Tue Jan 20 17:12:54 2015
